# JRE version: OpenJDK Runtime Environment Temurin-21.0.8+9 (21.0.8+9) (build 21.0.8+9-LTS)
# Java VM: OpenJDK 64-Bit Server VM Temurin-21.0.8+9 (21.0.8+9-LTS, mixed mode, sharing, tiered, compressed oops, compressed class ptrs, parallel gc, windows-amd64)
GC Precious Log:
 CardTable entry size: 512
 CPUs: 8 total, 8 available
 Memory: 20273M
 Large Page Support: Disabled
 NUMA Support: Disabled
 Compressed Oops: Enabled (32-bit)
 Alignments: Space 512K, Generation 512K, Heap 2M
 Heap Min Capacity: 100M
 Heap Initial Capacity: 100M
 Heap Max Capacity: 2G
 Pre-touch: Disabled
 Parallel Workers: 8
Heap:
 PSYoungGen      total 22528K, used 16791K [0x00000000d5580000, 0x00000000d7000000, 0x0000000100000000)
  eden space 18944K, 71% used [0x00000000d5580000,0x00000000d62b5ea8,0x00000000d6800000)
  from space 3584K, 91% used [0x00000000d6c80000,0x00000000d6fb0000,0x00000000d7000000)
  to   space 3584K, 0% used [0x00000000d6900000,0x00000000d6900000,0x00000000d6c80000)
 ParOldGen       total 68608K, used 30356K [0x0000000080000000, 0x0000000084300000, 0x00000000d5580000)
  object space 68608K, 44% used [0x0000000080000000,0x0000000081da53d8,0x0000000084300000)
 Metaspace       used 50647K, committed 51712K, reserved 1114112K
  class space    used 5552K, committed 6016K, reserved 1048576K
GC Heap History (20 events):
Event: 9.679 GC heap before
{Heap before GC invocations=17 (full 2):
 PSYoungGen      total 23552K, used 22016K [0x00000000d5580000, 0x00000000d6f80000, 0x0000000100000000)
  eden space 22016K, 100% used [0x00000000d5580000,0x00000000d6b00000,0x00000000d6b00000)
  from space 1536K, 0% used [0x00000000d6e00000,0x00000000d6e00000,0x00000000d6f80000)
  to   space 2048K, 0% used [0x00000000d6b80000,0x00000000d6b80000,0x00000000d6d80000)
 ParOldGen       total 68608K, used 18474K [0x0000000080000000, 0x0000000084300000, 0x00000000d5580000)
  object space 68608K, 26% used [0x0000000080000000,0x000000008120a808,0x0000000084300000)
 Metaspace       used 38047K, committed 38976K, reserved 1114112K
  class space    used 3974K, committed 4416K, reserved 1048576K
}
Event: 9.681 GC heap after
{Heap after GC invocations=17 (full 2):
 PSYoungGen      total 23552K, used 1153K [0x00000000d5580000, 0x00000000d6e80000, 0x0000000100000000)
  eden space 22016K, 0% used [0x00000000d5580000,0x00000000d5580000,0x00000000d6b00000)
  from space 1536K, 75% used [0x00000000d6b80000,0x00000000d6ca0680,0x00000000d6d00000)
  to   space 1536K, 0% used [0x00000000d6d00000,0x00000000d6d00000,0x00000000d6e80000)
 ParOldGen       total 68608K, used 18482K [0x0000000080000000, 0x0000000084300000, 0x00000000d5580000)
  object space 68608K, 26% used [0x0000000080000000,0x000000008120c808,0x0000000084300000)
 Metaspace       used 38047K, committed 38976K, reserved 1114112K
  class space    used 3974K, committed 4416K, reserved 1048576K
}
Event: 9.870 GC heap before
{Heap before GC invocations=18 (full 2):
 PSYoungGen      total 23552K, used 23169K [0x00000000d5580000, 0x00000000d6e80000, 0x0000000100000000)
  eden space 22016K, 100% used [0x00000000d5580000,0x00000000d6b00000,0x00000000d6b00000)
  from space 1536K, 75% used [0x00000000d6b80000,0x00000000d6ca0680,0x00000000d6d00000)
  to   space 1536K, 0% used [0x00000000d6d00000,0x00000000d6d00000,0x00000000d6e80000)
 ParOldGen       total 68608K, used 18482K [0x0000000080000000, 0x0000000084300000, 0x00000000d5580000)
  object space 68608K, 26% used [0x0000000080000000,0x000000008120c808,0x0000000084300000)
 Metaspace       used 39944K, committed 40960K, reserved 1114112K
  class space    used 4239K, committed 4672K, reserved 1048576K
}
Event: 9.872 GC heap after
{Heap after GC invocations=18 (full 2):
 PSYoungGen      total 23040K, used 760K [0x00000000d5580000, 0x00000000d6e00000, 0x0000000100000000)
  eden space 22016K, 0% used [0x00000000d5580000,0x00000000d5580000,0x00000000d6b00000)
  from space 1024K, 74% used [0x00000000d6d00000,0x00000000d6dbe0e8,0x00000000d6e00000)
  to   space 1024K, 0% used [0x00000000d6c00000,0x00000000d6c00000,0x00000000d6d00000)
 ParOldGen       total 68608K, used 19420K [0x0000000080000000, 0x0000000084300000, 0x00000000d5580000)
  object space 68608K, 28% used [0x0000000080000000,0x00000000812f7370,0x0000000084300000)
 Metaspace       used 39944K, committed 40960K, reserved 1114112K
  class space    used 4239K, committed 4672K, reserved 1048576K
}
Event: 10.046 GC heap before
{Heap before GC invocations=19 (full 2):
 PSYoungGen      total 23040K, used 22776K [0x00000000d5580000, 0x00000000d6e00000, 0x0000000100000000)
  eden space 22016K, 100% used [0x00000000d5580000,0x00000000d6b00000,0x00000000d6b00000)
  from space 1024K, 74% used [0x00000000d6d00000,0x00000000d6dbe0e8,0x00000000d6e00000)
  to   space 1024K, 0% used [0x00000000d6c00000,0x00000000d6c00000,0x00000000d6d00000)
 ParOldGen       total 68608K, used 19420K [0x0000000080000000, 0x0000000084300000, 0x00000000d5580000)
  object space 68608K, 28% used [0x0000000080000000,0x00000000812f73a0,0x0000000084300000)
 Metaspace       used 42080K, committed 43072K, reserved 1114112K
  class space    used 4507K, committed 4928K, reserved 1048576K
}
Event: 10.048 GC heap after
{Heap after GC invocations=19 (full 2):
 PSYoungGen      total 23040K, used 820K [0x00000000d5580000, 0x00000000d6d80000, 0x0000000100000000)
  eden space 22016K, 0% used [0x00000000d5580000,0x00000000d5580000,0x00000000d6b00000)
  from space 1024K, 80% used [0x00000000d6c00000,0x00000000d6ccd3b0,0x00000000d6d00000)
  to   space 512K, 0% used [0x00000000d6d00000,0x00000000d6d00000,0x00000000d6d80000)
 ParOldGen       total 68608K, used 19900K [0x0000000080000000, 0x0000000084300000, 0x00000000d5580000)
  object space 68608K, 29% used [0x0000000080000000,0x000000008136f3a0,0x0000000084300000)
 Metaspace       used 42080K, committed 43072K, reserved 1114112K
  class space    used 4507K, committed 4928K, reserved 1048576K
}
Event: 10.273 GC heap before
{Heap before GC invocations=20 (full 2):
 PSYoungGen      total 23040K, used 22836K [0x00000000d5580000, 0x00000000d6d80000, 0x0000000100000000)
  eden space 22016K, 100% used [0x00000000d5580000,0x00000000d6b00000,0x00000000d6b00000)
  from space 1024K, 80% used [0x00000000d6c00000,0x00000000d6ccd3b0,0x00000000d6d00000)
  to   space 512K, 0% used [0x00000000d6d00000,0x00000000d6d00000,0x00000000d6d80000)
 ParOldGen       total 68608K, used 19904K [0x0000000080000000, 0x0000000084300000, 0x00000000d5580000)
  object space 68608K, 29% used [0x0000000080000000,0x0000000081370260,0x0000000084300000)
 Metaspace       used 44418K, committed 45376K, reserved 1114112K
  class space    used 4821K, committed 5248K, reserved 1048576K
}
Event: 10.275 GC heap after
{Heap after GC invocations=20 (full 2):
 PSYoungGen      total 21504K, used 496K [0x00000000d5580000, 0x00000000d7100000, 0x0000000100000000)
  eden space 20992K, 0% used [0x00000000d5580000,0x00000000d5580000,0x00000000d6a00000)
  from space 512K, 96% used [0x00000000d6d00000,0x00000000d6d7c010,0x00000000d6d80000)
  to   space 3072K, 0% used [0x00000000d6a00000,0x00000000d6a00000,0x00000000d6d00000)
 ParOldGen       total 68608K, used 22056K [0x0000000080000000, 0x0000000084300000, 0x00000000d5580000)
  object space 68608K, 32% used [0x0000000080000000,0x000000008158a260,0x0000000084300000)
 Metaspace       used 44418K, committed 45376K, reserved 1114112K
  class space    used 4821K, committed 5248K, reserved 1048576K
}
Event: 10.693 GC heap before
{Heap before GC invocations=21 (full 2):
 PSYoungGen      total 21504K, used 21488K [0x00000000d5580000, 0x00000000d7100000, 0x0000000100000000)
  eden space 20992K, 100% used [0x00000000d5580000,0x00000000d6a00000,0x00000000d6a00000)
  from space 512K, 96% used [0x00000000d6d00000,0x00000000d6d7c010,0x00000000d6d80000)
  to   space 3072K, 0% used [0x00000000d6a00000,0x00000000d6a00000,0x00000000d6d00000)
 ParOldGen       total 68608K, used 22056K [0x0000000080000000, 0x0000000084300000, 0x00000000d5580000)
  object space 68608K, 32% used [0x0000000080000000,0x000000008158a260,0x0000000084300000)
 Metaspace       used 47041K, committed 48000K, reserved 1114112K
  class space    used 5168K, committed 5568K, reserved 1048576K
}
Event: 10.696 GC heap after
{Heap after GC invocations=21 (full 2):
 PSYoungGen      total 22528K, used 1408K [0x00000000d5580000, 0x00000000d6e00000, 0x0000000100000000)
  eden space 20992K, 0% used [0x00000000d5580000,0x00000000d5580000,0x00000000d6a00000)
  from space 1536K, 91% used [0x00000000d6a00000,0x00000000d6b60000,0x00000000d6b80000)
  to   space 2048K, 0% used [0x00000000d6c00000,0x00000000d6c00000,0x00000000d6e00000)
 ParOldGen       total 68608K, used 22559K [0x0000000080000000, 0x0000000084300000, 0x00000000d5580000)
  object space 68608K, 32% used [0x0000000080000000,0x0000000081607fe8,0x0000000084300000)
 Metaspace       used 47041K, committed 48000K, reserved 1114112K
  class space    used 5168K, committed 5568K, reserved 1048576K
}
Event: 12.540 GC heap before
{Heap before GC invocations=22 (full 2):
 PSYoungGen      total 22528K, used 22394K [0x00000000d5580000, 0x00000000d6e00000, 0x0000000100000000)
  eden space 20992K, 99% used [0x00000000d5580000,0x00000000d69fe9e0,0x00000000d6a00000)
  from space 1536K, 91% used [0x00000000d6a00000,0x00000000d6b60000,0x00000000d6b80000)
  to   space 2048K, 0% used [0x00000000d6c00000,0x00000000d6c00000,0x00000000d6e00000)
 ParOldGen       total 68608K, used 22559K [0x0000000080000000, 0x0000000084300000, 0x00000000d5580000)
  object space 68608K, 32% used [0x0000000080000000,0x0000000081607fe8,0x0000000084300000)
 Metaspace       used 49455K, committed 50560K, reserved 1114112K
  class space    used 5442K, committed 5952K, reserved 1048576K
}
Event: 12.543 GC heap after
{Heap after GC invocations=22 (full 2):
 PSYoungGen      total 23040K, used 1507K [0x00000000d5580000, 0x00000000d6e00000, 0x0000000100000000)
  eden space 20992K, 0% used [0x00000000d5580000,0x00000000d5580000,0x00000000d6a00000)
  from space 2048K, 73% used [0x00000000d6c00000,0x00000000d6d78c88,0x00000000d6e00000)
  to   space 2048K, 0% used [0x00000000d6a00000,0x00000000d6a00000,0x00000000d6c00000)
 ParOldGen       total 68608K, used 23800K [0x0000000080000000, 0x0000000084300000, 0x00000000d5580000)
  object space 68608K, 34% used [0x0000000080000000,0x000000008173e008,0x0000000084300000)
 Metaspace       used 49455K, committed 50560K, reserved 1114112K
  class space    used 5442K, committed 5952K, reserved 1048576K
}
Event: 15.716 GC heap before
{Heap before GC invocations=23 (full 2):
 PSYoungGen      total 23040K, used 22499K [0x00000000d5580000, 0x00000000d6e00000, 0x0000000100000000)
  eden space 20992K, 100% used [0x00000000d5580000,0x00000000d6a00000,0x00000000d6a00000)
  from space 2048K, 73% used [0x00000000d6c00000,0x00000000d6d78c88,0x00000000d6e00000)
  to   space 2048K, 0% used [0x00000000d6a00000,0x00000000d6a00000,0x00000000d6c00000)
 ParOldGen       total 68608K, used 23800K [0x0000000080000000, 0x0000000084300000, 0x00000000d5580000)
  object space 68608K, 34% used [0x0000000080000000,0x000000008173e008,0x0000000084300000)
 Metaspace       used 49571K, committed 50688K, reserved 1114112K
  class space    used 5443K, committed 5952K, reserved 1048576K
}
Event: 15.718 GC heap after
{Heap after GC invocations=23 (full 2):
 PSYoungGen      total 23040K, used 2044K [0x00000000d5580000, 0x00000000d7600000, 0x0000000100000000)
  eden space 20992K, 0% used [0x00000000d5580000,0x00000000d5580000,0x00000000d6a00000)
  from space 2048K, 99% used [0x00000000d6a00000,0x00000000d6bff2f8,0x00000000d6c00000)
  to   space 6144K, 0% used [0x00000000d7000000,0x00000000d7000000,0x00000000d7600000)
 ParOldGen       total 68608K, used 26880K [0x0000000080000000, 0x0000000084300000, 0x00000000d5580000)
  object space 68608K, 39% used [0x0000000080000000,0x0000000081a403c8,0x0000000084300000)
 Metaspace       used 49571K, committed 50688K, reserved 1114112K
  class space    used 5443K, committed 5952K, reserved 1048576K
}
Event: 15.811 GC heap before
{Heap before GC invocations=24 (full 2):
 PSYoungGen      total 23040K, used 23036K [0x00000000d5580000, 0x00000000d7600000, 0x0000000100000000)
  eden space 20992K, 100% used [0x00000000d5580000,0x00000000d6a00000,0x00000000d6a00000)
  from space 2048K, 99% used [0x00000000d6a00000,0x00000000d6bff2f8,0x00000000d6c00000)
  to   space 6144K, 0% used [0x00000000d7000000,0x00000000d7000000,0x00000000d7600000)
 ParOldGen       total 68608K, used 26880K [0x0000000080000000, 0x0000000084300000, 0x00000000d5580000)
  object space 68608K, 39% used [0x0000000080000000,0x0000000081a403c8,0x0000000084300000)
 Metaspace       used 49680K, committed 50752K, reserved 1114112K
  class space    used 5454K, committed 5952K, reserved 1048576K
}
Event: 15.815 GC heap after
{Heap after GC invocations=24 (full 2):
 PSYoungGen      total 25088K, used 6128K [0x00000000d5580000, 0x00000000d7a00000, 0x0000000100000000)
  eden space 18944K, 0% used [0x00000000d5580000,0x00000000d5580000,0x00000000d6800000)
  from space 6144K, 99% used [0x00000000d7000000,0x00000000d75fc018,0x00000000d7600000)
  to   space 8192K, 0% used [0x00000000d6800000,0x00000000d6800000,0x00000000d7000000)
 ParOldGen       total 68608K, used 28076K [0x0000000080000000, 0x0000000084300000, 0x00000000d5580000)
  object space 68608K, 40% used [0x0000000080000000,0x0000000081b6b218,0x0000000084300000)
 Metaspace       used 49680K, committed 50752K, reserved 1114112K
  class space    used 5454K, committed 5952K, reserved 1048576K
}
Event: 15.857 GC heap before
{Heap before GC invocations=25 (full 2):
 PSYoungGen      total 25088K, used 25072K [0x00000000d5580000, 0x00000000d7a00000, 0x0000000100000000)
  eden space 18944K, 100% used [0x00000000d5580000,0x00000000d6800000,0x00000000d6800000)
  from space 6144K, 99% used [0x00000000d7000000,0x00000000d75fc018,0x00000000d7600000)
  to   space 8192K, 0% used [0x00000000d6800000,0x00000000d6800000,0x00000000d7000000)
 ParOldGen       total 68608K, used 28076K [0x0000000080000000, 0x0000000084300000, 0x00000000d5580000)
  object space 68608K, 40% used [0x0000000080000000,0x0000000081b6b218,0x0000000084300000)
 Metaspace       used 49718K, committed 50752K, reserved 1114112K
  class space    used 5454K, committed 5952K, reserved 1048576K
}
Event: 15.861 GC heap after
{Heap after GC invocations=25 (full 2):
 PSYoungGen      total 22016K, used 2880K [0x00000000d5580000, 0x00000000d7100000, 0x0000000100000000)
  eden space 18944K, 0% used [0x00000000d5580000,0x00000000d5580000,0x00000000d6800000)
  from space 3072K, 93% used [0x00000000d6800000,0x00000000d6ad0000,0x00000000d6b00000)
  to   space 4608K, 0% used [0x00000000d6c80000,0x00000000d6c80000,0x00000000d7100000)
 ParOldGen       total 68608K, used 30284K [0x0000000080000000, 0x0000000084300000, 0x00000000d5580000)
  object space 68608K, 44% used [0x0000000080000000,0x0000000081d933d8,0x0000000084300000)
 Metaspace       used 49718K, committed 50752K, reserved 1114112K
  class space    used 5454K, committed 5952K, reserved 1048576K
}
Event: 15.888 GC heap before
{Heap before GC invocations=26 (full 2):
 PSYoungGen      total 22016K, used 21824K [0x00000000d5580000, 0x00000000d7100000, 0x0000000100000000)
  eden space 18944K, 100% used [0x00000000d5580000,0x00000000d6800000,0x00000000d6800000)
  from space 3072K, 93% used [0x00000000d6800000,0x00000000d6ad0000,0x00000000d6b00000)
  to   space 4608K, 0% used [0x00000000d6c80000,0x00000000d6c80000,0x00000000d7100000)
 ParOldGen       total 68608K, used 30284K [0x0000000080000000, 0x0000000084300000, 0x00000000d5580000)
  object space 68608K, 44% used [0x0000000080000000,0x0000000081d933d8,0x0000000084300000)
 Metaspace       used 49739K, committed 50816K, reserved 1114112K
  class space    used 5454K, committed 5952K, reserved 1048576K
}
Event: 15.890 GC heap after
{Heap after GC invocations=26 (full 2):
 PSYoungGen      total 22528K, used 3264K [0x00000000d5580000, 0x00000000d7000000, 0x0000000100000000)
  eden space 18944K, 0% used [0x00000000d5580000,0x00000000d5580000,0x00000000d6800000)
  from space 3584K, 91% used [0x00000000d6c80000,0x00000000d6fb0000,0x00000000d7000000)
  to   space 3584K, 0% used [0x00000000d6900000,0x00000000d6900000,0x00000000d6c80000)
 ParOldGen       total 68608K, used 30356K [0x0000000080000000, 0x0000000084300000, 0x00000000d5580000)
  object space 68608K, 44% used [0x0000000080000000,0x0000000081da53d8,0x0000000084300000)
 Metaspace       used 49739K, committed 50816K, reserved 1114112K
  class space    used 5454K, committed 5952K, reserved 1048576K
}

