# JRE version: OpenJDK Runtime Environment Temurin-21.0.8+9 (21.0.8+9) (build 21.0.8+9-LTS)
# Java VM: OpenJDK 64-Bit Server VM Temurin-21.0.8+9 (21.0.8+9-LTS, mixed mode, sharing, tiered, compressed oops, compressed class ptrs, parallel gc, windows-amd64)
GC Precious Log:
 CardTable entry size: 512
 CPUs: 8 total, 8 available
 Memory: 20273M
 Large Page Support: Disabled
 NUMA Support: Disabled
 Compressed Oops: Enabled (32-bit)
 Alignments: Space 512K, Generation 512K, Heap 2M
 Heap Min Capacity: 100M
 Heap Initial Capacity: 100M
 Heap Max Capacity: 2G
 Pre-touch: Disabled
 Parallel Workers: 8
Heap:
 PSYoungGen      total 21504K, used 21090K [0x00000000d5580000, 0x00000000d6e00000, 0x0000000100000000)
  eden space 19968K, 99% used [0x00000000d5580000,0x00000000d68e4ad8,0x00000000d6900000)
  from space 1536K, 80% used [0x00000000d6900000,0x00000000d6a34010,0x00000000d6a80000)
  to   space 2560K, 0% used [0x00000000d6b80000,0x00000000d6b80000,0x00000000d6e00000)
 ParOldGen       total 68608K, used 27780K [0x0000000080000000, 0x0000000084300000, 0x00000000d5580000)
  object space 68608K, 40% used [0x0000000080000000,0x0000000081b21080,0x0000000084300000)
 Metaspace       used 37800K, committed 38784K, reserved 1114112K
  class space    used 3811K, committed 4224K, reserved 1048576K
GC Heap History (20 events):
Event: 3.577 GC heap before
{Heap before GC invocations=10 (full 1):
 PSYoungGen      total 27648K, used 27643K [0x00000000d5580000, 0x00000000d7500000, 0x0000000100000000)
  eden space 24064K, 100% used [0x00000000d5580000,0x00000000d6d00000,0x00000000d6d00000)
  from space 3584K, 99% used [0x00000000d7100000,0x00000000d747edd8,0x00000000d7480000)
  to   space 4096K, 0% used [0x00000000d6d00000,0x00000000d6d00000,0x00000000d7100000)
 ParOldGen       total 68608K, used 9981K [0x0000000080000000, 0x0000000084300000, 0x00000000d5580000)
  object space 68608K, 14% used [0x0000000080000000,0x00000000809bf440,0x0000000084300000)
 Metaspace       used 32050K, committed 32960K, reserved 1114112K
  class space    used 3232K, committed 3584K, reserved 1048576K
}
Event: 3.583 GC heap after
{Heap after GC invocations=10 (full 1):
 PSYoungGen      total 27648K, used 4074K [0x00000000d5580000, 0x00000000d7680000, 0x0000000100000000)
  eden space 23552K, 0% used [0x00000000d5580000,0x00000000d5580000,0x00000000d6c80000)
  from space 4096K, 99% used [0x00000000d6d00000,0x00000000d70fab30,0x00000000d7100000)
  to   space 5120K, 0% used [0x00000000d7180000,0x00000000d7180000,0x00000000d7680000)
 ParOldGen       total 68608K, used 10643K [0x0000000080000000, 0x0000000084300000, 0x00000000d5580000)
  object space 68608K, 15% used [0x0000000080000000,0x0000000080a64c28,0x0000000084300000)
 Metaspace       used 32050K, committed 32960K, reserved 1114112K
  class space    used 3232K, committed 3584K, reserved 1048576K
}
Event: 3.858 GC heap before
{Heap before GC invocations=11 (full 1):
 PSYoungGen      total 27648K, used 27626K [0x00000000d5580000, 0x00000000d7680000, 0x0000000100000000)
  eden space 23552K, 100% used [0x00000000d5580000,0x00000000d6c80000,0x00000000d6c80000)
  from space 4096K, 99% used [0x00000000d6d00000,0x00000000d70fab30,0x00000000d7100000)
  to   space 5120K, 0% used [0x00000000d7180000,0x00000000d7180000,0x00000000d7680000)
 ParOldGen       total 68608K, used 10643K [0x0000000080000000, 0x0000000084300000, 0x00000000d5580000)
  object space 68608K, 15% used [0x0000000080000000,0x0000000080a64c28,0x0000000084300000)
 Metaspace       used 33835K, committed 34752K, reserved 1114112K
  class space    used 3426K, committed 3840K, reserved 1048576K
}
Event: 3.864 GC heap after
{Heap after GC invocations=11 (full 1):
 PSYoungGen      total 26624K, used 3380K [0x00000000d5580000, 0x00000000d7500000, 0x0000000100000000)
  eden space 23040K, 0% used [0x00000000d5580000,0x00000000d5580000,0x00000000d6c00000)
  from space 3584K, 94% used [0x00000000d7180000,0x00000000d74cd1d0,0x00000000d7500000)
  to   space 4096K, 0% used [0x00000000d6d00000,0x00000000d6d00000,0x00000000d7100000)
 ParOldGen       total 68608K, used 13354K [0x0000000080000000, 0x0000000084300000, 0x00000000d5580000)
  object space 68608K, 19% used [0x0000000080000000,0x0000000080d0aab8,0x0000000084300000)
 Metaspace       used 33835K, committed 34752K, reserved 1114112K
  class space    used 3426K, committed 3840K, reserved 1048576K
}
Event: 3.977 GC heap before
{Heap before GC invocations=12 (full 1):
 PSYoungGen      total 26624K, used 26420K [0x00000000d5580000, 0x00000000d7500000, 0x0000000100000000)
  eden space 23040K, 100% used [0x00000000d5580000,0x00000000d6c00000,0x00000000d6c00000)
  from space 3584K, 94% used [0x00000000d7180000,0x00000000d74cd1d0,0x00000000d7500000)
  to   space 4096K, 0% used [0x00000000d6d00000,0x00000000d6d00000,0x00000000d7100000)
 ParOldGen       total 68608K, used 13354K [0x0000000080000000, 0x0000000084300000, 0x00000000d5580000)
  object space 68608K, 19% used [0x0000000080000000,0x0000000080d0aab8,0x0000000084300000)
 Metaspace       used 33917K, committed 34944K, reserved 1114112K
  class space    used 3451K, committed 3904K, reserved 1048576K
}
Event: 3.984 GC heap after
{Heap after GC invocations=12 (full 1):
 PSYoungGen      total 25088K, used 2208K [0x00000000d5580000, 0x00000000d7200000, 0x0000000100000000)
  eden space 22528K, 0% used [0x00000000d5580000,0x00000000d5580000,0x00000000d6b80000)
  from space 2560K, 86% used [0x00000000d6d00000,0x00000000d6f28020,0x00000000d6f80000)
  to   space 2560K, 0% used [0x00000000d6f80000,0x00000000d6f80000,0x00000000d7200000)
 ParOldGen       total 68608K, used 16572K [0x0000000080000000, 0x0000000084300000, 0x00000000d5580000)
  object space 68608K, 24% used [0x0000000080000000,0x000000008102f390,0x0000000084300000)
 Metaspace       used 33917K, committed 34944K, reserved 1114112K
  class space    used 3451K, committed 3904K, reserved 1048576K
}
Event: 4.143 GC heap before
{Heap before GC invocations=13 (full 1):
 PSYoungGen      total 25088K, used 24736K [0x00000000d5580000, 0x00000000d7200000, 0x0000000100000000)
  eden space 22528K, 100% used [0x00000000d5580000,0x00000000d6b80000,0x00000000d6b80000)
  from space 2560K, 86% used [0x00000000d6d00000,0x00000000d6f28020,0x00000000d6f80000)
  to   space 2560K, 0% used [0x00000000d6f80000,0x00000000d6f80000,0x00000000d7200000)
 ParOldGen       total 68608K, used 16572K [0x0000000080000000, 0x0000000084300000, 0x00000000d5580000)
  object space 68608K, 24% used [0x0000000080000000,0x000000008102f390,0x0000000084300000)
 Metaspace       used 34714K, committed 35648K, reserved 1114112K
  class space    used 3552K, committed 3968K, reserved 1048576K
}
Event: 4.147 GC heap after
{Heap after GC invocations=13 (full 1):
 PSYoungGen      total 24064K, used 2538K [0x00000000d5580000, 0x00000000d7500000, 0x0000000100000000)
  eden space 21504K, 0% used [0x00000000d5580000,0x00000000d5580000,0x00000000d6a80000)
  from space 2560K, 99% used [0x00000000d6f80000,0x00000000d71fa8d0,0x00000000d7200000)
  to   space 5120K, 0% used [0x00000000d6a80000,0x00000000d6a80000,0x00000000d6f80000)
 ParOldGen       total 68608K, used 18580K [0x0000000080000000, 0x0000000084300000, 0x00000000d5580000)
  object space 68608K, 27% used [0x0000000080000000,0x0000000081225390,0x0000000084300000)
 Metaspace       used 34714K, committed 35648K, reserved 1114112K
  class space    used 3552K, committed 3968K, reserved 1048576K
}
Event: 4.187 GC heap before
{Heap before GC invocations=14 (full 1):
 PSYoungGen      total 24064K, used 12232K [0x00000000d5580000, 0x00000000d7500000, 0x0000000100000000)
  eden space 21504K, 45% used [0x00000000d5580000,0x00000000d5ef7840,0x00000000d6a80000)
  from space 2560K, 99% used [0x00000000d6f80000,0x00000000d71fa8d0,0x00000000d7200000)
  to   space 5120K, 0% used [0x00000000d6a80000,0x00000000d6a80000,0x00000000d6f80000)
 ParOldGen       total 68608K, used 18580K [0x0000000080000000, 0x0000000084300000, 0x00000000d5580000)
  object space 68608K, 27% used [0x0000000080000000,0x0000000081225390,0x0000000084300000)
 Metaspace       used 34896K, committed 35840K, reserved 1114112K
  class space    used 3564K, committed 3968K, reserved 1048576K
}
Event: 4.191 GC heap after
{Heap after GC invocations=14 (full 1):
 PSYoungGen      total 23040K, used 1378K [0x00000000d5580000, 0x00000000d7000000, 0x0000000100000000)
  eden space 21504K, 0% used [0x00000000d5580000,0x00000000d5580000,0x00000000d6a80000)
  from space 1536K, 89% used [0x00000000d6a80000,0x00000000d6bd8800,0x00000000d6c00000)
  to   space 2560K, 0% used [0x00000000d6d80000,0x00000000d6d80000,0x00000000d7000000)
 ParOldGen       total 68608K, used 20909K [0x0000000080000000, 0x0000000084300000, 0x00000000d5580000)
  object space 68608K, 30% used [0x0000000080000000,0x000000008146b420,0x0000000084300000)
 Metaspace       used 34896K, committed 35840K, reserved 1114112K
  class space    used 3564K, committed 3968K, reserved 1048576K
}
Event: 4.191 GC heap before
{Heap before GC invocations=15 (full 2):
 PSYoungGen      total 23040K, used 1378K [0x00000000d5580000, 0x00000000d7000000, 0x0000000100000000)
  eden space 21504K, 0% used [0x00000000d5580000,0x00000000d5580000,0x00000000d6a80000)
  from space 1536K, 89% used [0x00000000d6a80000,0x00000000d6bd8800,0x00000000d6c00000)
  to   space 2560K, 0% used [0x00000000d6d80000,0x00000000d6d80000,0x00000000d7000000)
 ParOldGen       total 68608K, used 20909K [0x0000000080000000, 0x0000000084300000, 0x00000000d5580000)
  object space 68608K, 30% used [0x0000000080000000,0x000000008146b420,0x0000000084300000)
 Metaspace       used 34896K, committed 35840K, reserved 1114112K
  class space    used 3564K, committed 3968K, reserved 1048576K
}
Event: 4.228 GC heap after
{Heap after GC invocations=15 (full 2):
 PSYoungGen      total 23040K, used 0K [0x00000000d5580000, 0x00000000d7000000, 0x0000000100000000)
  eden space 21504K, 0% used [0x00000000d5580000,0x00000000d5580000,0x00000000d6a80000)
  from space 1536K, 0% used [0x00000000d6a80000,0x00000000d6a80000,0x00000000d6c00000)
  to   space 2560K, 0% used [0x00000000d6d80000,0x00000000d6d80000,0x00000000d7000000)
 ParOldGen       total 68608K, used 21579K [0x0000000080000000, 0x0000000084300000, 0x00000000d5580000)
  object space 68608K, 31% used [0x0000000080000000,0x0000000081512d70,0x0000000084300000)
 Metaspace       used 34896K, committed 35840K, reserved 1114112K
  class space    used 3564K, committed 3968K, reserved 1048576K
}
Event: 4.310 GC heap before
{Heap before GC invocations=16 (full 2):
 PSYoungGen      total 23040K, used 21504K [0x00000000d5580000, 0x00000000d7000000, 0x0000000100000000)
  eden space 21504K, 100% used [0x00000000d5580000,0x00000000d6a80000,0x00000000d6a80000)
  from space 1536K, 0% used [0x00000000d6a80000,0x00000000d6a80000,0x00000000d6c00000)
  to   space 2560K, 0% used [0x00000000d6d80000,0x00000000d6d80000,0x00000000d7000000)
 ParOldGen       total 68608K, used 21579K [0x0000000080000000, 0x0000000084300000, 0x00000000d5580000)
  object space 68608K, 31% used [0x0000000080000000,0x0000000081512d70,0x0000000084300000)
 Metaspace       used 35605K, committed 36608K, reserved 1114112K
  class space    used 3618K, committed 4096K, reserved 1048576K
}
Event: 4.312 GC heap after
{Heap after GC invocations=16 (full 2):
 PSYoungGen      total 24064K, used 2084K [0x00000000d5580000, 0x00000000d7000000, 0x0000000100000000)
  eden space 21504K, 0% used [0x00000000d5580000,0x00000000d5580000,0x00000000d6a80000)
  from space 2560K, 81% used [0x00000000d6d80000,0x00000000d6f89010,0x00000000d7000000)
  to   space 2560K, 0% used [0x00000000d6b00000,0x00000000d6b00000,0x00000000d6d80000)
 ParOldGen       total 68608K, used 21587K [0x0000000080000000, 0x0000000084300000, 0x00000000d5580000)
  object space 68608K, 31% used [0x0000000080000000,0x0000000081514d70,0x0000000084300000)
 Metaspace       used 35605K, committed 36608K, reserved 1114112K
  class space    used 3618K, committed 4096K, reserved 1048576K
}
Event: 4.389 GC heap before
{Heap before GC invocations=17 (full 2):
 PSYoungGen      total 24064K, used 23541K [0x00000000d5580000, 0x00000000d7000000, 0x0000000100000000)
  eden space 21504K, 99% used [0x00000000d5580000,0x00000000d6a746a8,0x00000000d6a80000)
  from space 2560K, 81% used [0x00000000d6d80000,0x00000000d6f89010,0x00000000d7000000)
  to   space 2560K, 0% used [0x00000000d6b00000,0x00000000d6b00000,0x00000000d6d80000)
 ParOldGen       total 68608K, used 21587K [0x0000000080000000, 0x0000000084300000, 0x00000000d5580000)
  object space 68608K, 31% used [0x0000000080000000,0x0000000081514d70,0x0000000084300000)
 Metaspace       used 35756K, committed 36800K, reserved 1114112K
  class space    used 3623K, committed 4096K, reserved 1048576K
}
Event: 4.393 GC heap after
{Heap after GC invocations=17 (full 2):
 PSYoungGen      total 24064K, used 2162K [0x00000000d5580000, 0x00000000d6f80000, 0x0000000100000000)
  eden space 21504K, 0% used [0x00000000d5580000,0x00000000d5580000,0x00000000d6a80000)
  from space 2560K, 84% used [0x00000000d6b00000,0x00000000d6d1cbf0,0x00000000d6d80000)
  to   space 2048K, 0% used [0x00000000d6d80000,0x00000000d6d80000,0x00000000d6f80000)
 ParOldGen       total 68608K, used 23507K [0x0000000080000000, 0x0000000084300000, 0x00000000d5580000)
  object space 68608K, 34% used [0x0000000080000000,0x00000000816f4e70,0x0000000084300000)
 Metaspace       used 35756K, committed 36800K, reserved 1114112K
  class space    used 3623K, committed 4096K, reserved 1048576K
}
Event: 4.468 GC heap before
{Heap before GC invocations=18 (full 2):
 PSYoungGen      total 24064K, used 23666K [0x00000000d5580000, 0x00000000d6f80000, 0x0000000100000000)
  eden space 21504K, 100% used [0x00000000d5580000,0x00000000d6a80000,0x00000000d6a80000)
  from space 2560K, 84% used [0x00000000d6b00000,0x00000000d6d1cbf0,0x00000000d6d80000)
  to   space 2048K, 0% used [0x00000000d6d80000,0x00000000d6d80000,0x00000000d6f80000)
 ParOldGen       total 68608K, used 23507K [0x0000000080000000, 0x0000000084300000, 0x00000000d5580000)
  object space 68608K, 34% used [0x0000000080000000,0x00000000816f4e70,0x0000000084300000)
 Metaspace       used 35905K, committed 36928K, reserved 1114112K
  class space    used 3626K, committed 4096K, reserved 1048576K
}
Event: 4.472 GC heap after
{Heap after GC invocations=18 (full 2):
 PSYoungGen      total 22016K, used 2016K [0x00000000d5580000, 0x00000000d7380000, 0x0000000100000000)
  eden space 19968K, 0% used [0x00000000d5580000,0x00000000d5580000,0x00000000d6900000)
  from space 2048K, 98% used [0x00000000d6d80000,0x00000000d6f78010,0x00000000d6f80000)
  to   space 4608K, 0% used [0x00000000d6900000,0x00000000d6900000,0x00000000d6d80000)
 ParOldGen       total 68608K, used 25715K [0x0000000080000000, 0x0000000084300000, 0x00000000d5580000)
  object space 68608K, 37% used [0x0000000080000000,0x000000008191ce70,0x0000000084300000)
 Metaspace       used 35905K, committed 36928K, reserved 1114112K
  class space    used 3626K, committed 4096K, reserved 1048576K
}
Event: 4.699 GC heap before
{Heap before GC invocations=19 (full 2):
 PSYoungGen      total 22016K, used 21984K [0x00000000d5580000, 0x00000000d7380000, 0x0000000100000000)
  eden space 19968K, 100% used [0x00000000d5580000,0x00000000d6900000,0x00000000d6900000)
  from space 2048K, 98% used [0x00000000d6d80000,0x00000000d6f78010,0x00000000d6f80000)
  to   space 4608K, 0% used [0x00000000d6900000,0x00000000d6900000,0x00000000d6d80000)
 ParOldGen       total 68608K, used 25715K [0x0000000080000000, 0x0000000084300000, 0x00000000d5580000)
  object space 68608K, 37% used [0x0000000080000000,0x000000008191ce70,0x0000000084300000)
 Metaspace       used 36799K, committed 37760K, reserved 1114112K
  class space    used 3717K, committed 4160K, reserved 1048576K
}
Event: 4.704 GC heap after
{Heap after GC invocations=19 (full 2):
 PSYoungGen      total 21504K, used 1232K [0x00000000d5580000, 0x00000000d6e00000, 0x0000000100000000)
  eden space 19968K, 0% used [0x00000000d5580000,0x00000000d5580000,0x00000000d6900000)
  from space 1536K, 80% used [0x00000000d6900000,0x00000000d6a34010,0x00000000d6a80000)
  to   space 2560K, 0% used [0x00000000d6b80000,0x00000000d6b80000,0x00000000d6e00000)
 ParOldGen       total 68608K, used 27780K [0x0000000080000000, 0x0000000084300000, 0x00000000d5580000)
  object space 68608K, 40% used [0x0000000080000000,0x0000000081b21080,0x0000000084300000)
 Metaspace       used 36799K, committed 37760K, reserved 1114112K
  class space    used 3717K, committed 4160K, reserved 1048576K
}

